0 info it worked if it ends with ok
1 verbose cli [ 'node', '/usr/local/bin/npm', 'run', 'deploy' ]
2 info using npm@2.1.11
3 info using node@v0.10.33
4 verbose run-script [ 'predeploy', 'deploy', 'postdeploy' ]
5 info predeploy blogkanzan.io@0.0.1
6 info deploy blogkanzan.io@0.0.1
7 verbose unsafe-perm in lifecycle true
8 info blogkanzan.io@0.0.1 Failed to exec deploy script
9 verbose stack Error: blogkanzan.io@0.0.1 deploy: `(cd .. && git subtree push --prefix www origin gh-pages)`
9 verbose stack Exit status 128
9 verbose stack     at EventEmitter.<anonymous> (/usr/local/lib/node_modules/npm/lib/utils/lifecycle.js:212:16)
9 verbose stack     at EventEmitter.emit (events.js:98:17)
9 verbose stack     at ChildProcess.<anonymous> (/usr/local/lib/node_modules/npm/lib/utils/spawn.js:14:12)
9 verbose stack     at ChildProcess.emit (events.js:98:17)
9 verbose stack     at maybeClose (child_process.js:756:16)
9 verbose stack     at Process.ChildProcess._handle.onexit (child_process.js:823:5)
10 verbose pkgid blogkanzan.io@0.0.1
11 verbose cwd /Users/philha/Projects/weave/kanzan/kanzan-blog
12 error Darwin 13.4.0
13 error argv "node" "/usr/local/bin/npm" "run" "deploy"
14 error node v0.10.33
15 error npm  v2.1.11
16 error code ELIFECYCLE
17 error blogkanzan.io@0.0.1 deploy: `(cd .. && git subtree push --prefix www origin gh-pages)`
17 error Exit status 128
18 error Failed at the blogkanzan.io@0.0.1 deploy script '(cd .. && git subtree push --prefix www origin gh-pages)'.
18 error This is most likely a problem with the blogkanzan.io package,
18 error not with npm itself.
18 error Tell the author that this fails on your system:
18 error     (cd .. && git subtree push --prefix www origin gh-pages)
18 error You can get their info via:
18 error     npm owner ls blogkanzan.io
18 error There is likely additional logging output above.
19 verbose exit [ 1, true ]
